<?xml version="1.0" encoding="UTF-8"?>
<!-- Generated by org.testng.reporters.JUnitReportReporter -->
<testsuite hostname="Nancy" failures="0" tests="2" name="test.LoginTest" time="23.413" errors="0" timestamp="2024-01-13T21:09:40 CST" skipped="0">
  <testcase classname="test.LoginTest" name="userShouldBeAbleToLogin" time="12.409"/>
  <system-out/>
  <testcase classname="test.LoginTest" name="validateLoginAlertMsg" time="11.004"/>
  <system-out/>
</testsuite> <!-- test.LoginTest -->
