<?xml version="1.0" encoding="UTF-8"?>
<!-- Generated by org.testng.reporters.JUnitReportReporter -->
<testsuite hostname="Nancy" failures="0" tests="1" name="test.LoginTest" time="12.537" errors="0" timestamp="2023-12-20T09:17:44 CST" skipped="0">
  <testcase classname="test.LoginTest" name="validateLoginAlertMsg" time="12.537"/>
  <system-out/>
</testsuite> <!-- test.LoginTest -->
