<?xml version="1.0" encoding="UTF-8"?>
<!-- Generated by org.testng.reporters.JUnitReportReporter -->
<testsuite hostname="Nancy" failures="0" tests="1" name="test.LoginTest" time="12.796" errors="0" timestamp="2023-12-20T08:56:50 CST" skipped="0">
  <testcase classname="test.LoginTest" name="userShouldBeAbleToLogin" time="12.796"/>
  <system-out/>
</testsuite> <!-- test.LoginTest -->
