<?xml version="1.0" encoding="UTF-8"?>
<!-- Generated by org.testng.reporters.JUnitReportReporter -->
<testsuite hostname="Nancy" failures="0" tests="2" name="test.LoginTest" time="23.245" errors="0" timestamp="2024-01-13T21:14:31 CST" skipped="0">
  <testcase classname="test.LoginTest" name="userShouldBeAbleToLogin" time="11.821"/>
  <system-out/>
  <testcase classname="test.LoginTest" name="validateLoginAlertMsg" time="11.424"/>
  <system-out/>
</testsuite> <!-- test.LoginTest -->
